<?xml version="1.0" encoding="UTF-8"?>
<!-- Generated by org.testng.reporters.JUnitReportReporter -->
<testsuite hostname="Shruthi" failures="0" tests="2" name="tests.AddDataTest" time="2.270" errors="0" timestamp="18 Dec 2023 03:53:49 GMT" skipped="1">
  <testcase classname="tests.AddDataTest" name="addDataTests_TC02" time="2.270"/>
  <testcase classname="tests.AddDataTest" name="addDataTests_TC01">
    <skipped/>
  </testcase> <!-- addDataTests_TC01 -->
</testsuite> <!-- tests.AddDataTest -->
