<?xml version="1.0" encoding="UTF-8"?>
<!-- Generated by org.testng.reporters.JUnitReportReporter -->
<testsuite hostname="Shruthi" failures="0" tests="1" name="tests.GetDataTest" time="7.709" errors="0" timestamp="18 Dec 2023 03:53:49 GMT" skipped="0">
  <testcase classname="tests.GetDataTest" name="getDataTest_TC01" time="7.709"/>
</testsuite> <!-- tests.GetDataTest -->
